Determining if the include file malloc/malloc.h exists failed with the following output:
Change Dir: /home/emily/programs/emsdk_portable/clang/fastcomp/build_master_64/CMakeFiles/CMakeTmp

Run Build Command:/usr/bin/make "cmTryCompileExec2462357162/fast"
/usr/bin/make -f CMakeFiles/cmTryCompileExec2462357162.dir/build.make CMakeFiles/cmTryCompileExec2462357162.dir/build
make[1]: Entering directory `/home/emily/programs/emsdk_portable/clang/fastcomp/build_master_64/CMakeFiles/CMakeTmp'
/usr/bin/cmake -E cmake_progress_report /home/emily/programs/emsdk_portable/clang/fastcomp/build_master_64/CMakeFiles/CMakeTmp/CMakeFiles 1
Building C object CMakeFiles/cmTryCompileExec2462357162.dir/CheckIncludeFile.c.o
/usr/bin/cc    -o CMakeFiles/cmTryCompileExec2462357162.dir/CheckIncludeFile.c.o   -c /home/emily/programs/emsdk_portable/clang/fastcomp/build_master_64/CMakeFiles/CMakeTmp/CheckIncludeFile.c
/home/emily/programs/emsdk_portable/clang/fastcomp/build_master_64/CMakeFiles/CMakeTmp/CheckIncludeFile.c:1:27: fatal error: malloc/malloc.h: No such file or directory
 #include <malloc/malloc.h>
                           ^
compilation terminated.
make[1]: *** [CMakeFiles/cmTryCompileExec2462357162.dir/CheckIncludeFile.c.o] Error 1
make[1]: Leaving directory `/home/emily/programs/emsdk_portable/clang/fastcomp/build_master_64/CMakeFiles/CMakeTmp'
make: *** [cmTryCompileExec2462357162/fast] Error 2


Determining if the include file ndir.h exists failed with the following output:
Change Dir: /home/emily/programs/emsdk_portable/clang/fastcomp/build_master_64/CMakeFiles/CMakeTmp

Run Build Command:/usr/bin/make "cmTryCompileExec1761519868/fast"
/usr/bin/make -f CMakeFiles/cmTryCompileExec1761519868.dir/build.make CMakeFiles/cmTryCompileExec1761519868.dir/build
make[1]: Entering directory `/home/emily/programs/emsdk_portable/clang/fastcomp/build_master_64/CMakeFiles/CMakeTmp'
/usr/bin/cmake -E cmake_progress_report /home/emily/programs/emsdk_portable/clang/fastcomp/build_master_64/CMakeFiles/CMakeTmp/CMakeFiles 1
Building C object CMakeFiles/cmTryCompileExec1761519868.dir/CheckIncludeFile.c.o
/usr/bin/cc    -o CMakeFiles/cmTryCompileExec1761519868.dir/CheckIncludeFile.c.o   -c /home/emily/programs/emsdk_portable/clang/fastcomp/build_master_64/CMakeFiles/CMakeTmp/CheckIncludeFile.c
/home/emily/programs/emsdk_portable/clang/fastcomp/build_master_64/CMakeFiles/CMakeTmp/CheckIncludeFile.c:1:18: fatal error: ndir.h: No such file or directory
 #include <ndir.h>
                  ^
compilation terminated.
make[1]: *** [CMakeFiles/cmTryCompileExec1761519868.dir/CheckIncludeFile.c.o] Error 1
make[1]: Leaving directory `/home/emily/programs/emsdk_portable/clang/fastcomp/build_master_64/CMakeFiles/CMakeTmp'
make: *** [cmTryCompileExec1761519868/fast] Error 2


Determining if the include file sys/ndir.h exists failed with the following output:
Change Dir: /home/emily/programs/emsdk_portable/clang/fastcomp/build_master_64/CMakeFiles/CMakeTmp

Run Build Command:/usr/bin/make "cmTryCompileExec1976894767/fast"
/usr/bin/make -f CMakeFiles/cmTryCompileExec1976894767.dir/build.make CMakeFiles/cmTryCompileExec1976894767.dir/build
make[1]: Entering directory `/home/emily/programs/emsdk_portable/clang/fastcomp/build_master_64/CMakeFiles/CMakeTmp'
/usr/bin/cmake -E cmake_progress_report /home/emily/programs/emsdk_portable/clang/fastcomp/build_master_64/CMakeFiles/CMakeTmp/CMakeFiles 1
Building C object CMakeFiles/cmTryCompileExec1976894767.dir/CheckIncludeFile.c.o
/usr/bin/cc    -o CMakeFiles/cmTryCompileExec1976894767.dir/CheckIncludeFile.c.o   -c /home/emily/programs/emsdk_portable/clang/fastcomp/build_master_64/CMakeFiles/CMakeTmp/CheckIncludeFile.c
/home/emily/programs/emsdk_portable/clang/fastcomp/build_master_64/CMakeFiles/CMakeTmp/CheckIncludeFile.c:1:22: fatal error: sys/ndir.h: No such file or directory
 #include <sys/ndir.h>
                      ^
compilation terminated.
make[1]: *** [CMakeFiles/cmTryCompileExec1976894767.dir/CheckIncludeFile.c.o] Error 1
make[1]: Leaving directory `/home/emily/programs/emsdk_portable/clang/fastcomp/build_master_64/CMakeFiles/CMakeTmp'
make: *** [cmTryCompileExec1976894767/fast] Error 2


Determining if the include file mach/mach.h exists failed with the following output:
Change Dir: /home/emily/programs/emsdk_portable/clang/fastcomp/build_master_64/CMakeFiles/CMakeTmp

Run Build Command:/usr/bin/make "cmTryCompileExec1117677532/fast"
/usr/bin/make -f CMakeFiles/cmTryCompileExec1117677532.dir/build.make CMakeFiles/cmTryCompileExec1117677532.dir/build
make[1]: Entering directory `/home/emily/programs/emsdk_portable/clang/fastcomp/build_master_64/CMakeFiles/CMakeTmp'
/usr/bin/cmake -E cmake_progress_report /home/emily/programs/emsdk_portable/clang/fastcomp/build_master_64/CMakeFiles/CMakeTmp/CMakeFiles 1
Building C object CMakeFiles/cmTryCompileExec1117677532.dir/CheckIncludeFile.c.o
/usr/bin/cc    -o CMakeFiles/cmTryCompileExec1117677532.dir/CheckIncludeFile.c.o   -c /home/emily/programs/emsdk_portable/clang/fastcomp/build_master_64/CMakeFiles/CMakeTmp/CheckIncludeFile.c
/home/emily/programs/emsdk_portable/clang/fastcomp/build_master_64/CMakeFiles/CMakeTmp/CheckIncludeFile.c:1:23: fatal error: mach/mach.h: No such file or directory
 #include <mach/mach.h>
                       ^
compilation terminated.
make[1]: *** [CMakeFiles/cmTryCompileExec1117677532.dir/CheckIncludeFile.c.o] Error 1
make[1]: Leaving directory `/home/emily/programs/emsdk_portable/clang/fastcomp/build_master_64/CMakeFiles/CMakeTmp'
make: *** [cmTryCompileExec1117677532/fast] Error 2


Determining if the include file mach-o/dyld.h exists failed with the following output:
Change Dir: /home/emily/programs/emsdk_portable/clang/fastcomp/build_master_64/CMakeFiles/CMakeTmp

Run Build Command:/usr/bin/make "cmTryCompileExec70098238/fast"
/usr/bin/make -f CMakeFiles/cmTryCompileExec70098238.dir/build.make CMakeFiles/cmTryCompileExec70098238.dir/build
make[1]: Entering directory `/home/emily/programs/emsdk_portable/clang/fastcomp/build_master_64/CMakeFiles/CMakeTmp'
/usr/bin/cmake -E cmake_progress_report /home/emily/programs/emsdk_portable/clang/fastcomp/build_master_64/CMakeFiles/CMakeTmp/CMakeFiles 1
Building C object CMakeFiles/cmTryCompileExec70098238.dir/CheckIncludeFile.c.o
/usr/bin/cc    -o CMakeFiles/cmTryCompileExec70098238.dir/CheckIncludeFile.c.o   -c /home/emily/programs/emsdk_portable/clang/fastcomp/build_master_64/CMakeFiles/CMakeTmp/CheckIncludeFile.c
/home/emily/programs/emsdk_portable/clang/fastcomp/build_master_64/CMakeFiles/CMakeTmp/CheckIncludeFile.c:1:25: fatal error: mach-o/dyld.h: No such file or directory
 #include <mach-o/dyld.h>
                         ^
compilation terminated.
make[1]: *** [CMakeFiles/cmTryCompileExec70098238.dir/CheckIncludeFile.c.o] Error 1
make[1]: Leaving directory `/home/emily/programs/emsdk_portable/clang/fastcomp/build_master_64/CMakeFiles/CMakeTmp'
make: *** [cmTryCompileExec70098238/fast] Error 2


Determining if the include file histedit.h exists failed with the following output:
Change Dir: /home/emily/programs/emsdk_portable/clang/fastcomp/build_master_64/CMakeFiles/CMakeTmp

Run Build Command:/usr/bin/make "cmTryCompileExec1405639218/fast"
/usr/bin/make -f CMakeFiles/cmTryCompileExec1405639218.dir/build.make CMakeFiles/cmTryCompileExec1405639218.dir/build
make[1]: Entering directory `/home/emily/programs/emsdk_portable/clang/fastcomp/build_master_64/CMakeFiles/CMakeTmp'
/usr/bin/cmake -E cmake_progress_report /home/emily/programs/emsdk_portable/clang/fastcomp/build_master_64/CMakeFiles/CMakeTmp/CMakeFiles 1
Building C object CMakeFiles/cmTryCompileExec1405639218.dir/CheckIncludeFile.c.o
/usr/bin/cc    -o CMakeFiles/cmTryCompileExec1405639218.dir/CheckIncludeFile.c.o   -c /home/emily/programs/emsdk_portable/clang/fastcomp/build_master_64/CMakeFiles/CMakeTmp/CheckIncludeFile.c
/home/emily/programs/emsdk_portable/clang/fastcomp/build_master_64/CMakeFiles/CMakeTmp/CheckIncludeFile.c:1:22: fatal error: histedit.h: No such file or directory
 #include <histedit.h>
                      ^
compilation terminated.
make[1]: *** [CMakeFiles/cmTryCompileExec1405639218.dir/CheckIncludeFile.c.o] Error 1
make[1]: Leaving directory `/home/emily/programs/emsdk_portable/clang/fastcomp/build_master_64/CMakeFiles/CMakeTmp'
make: *** [cmTryCompileExec1405639218/fast] Error 2


Determining if the arc4random exist failed with the following output:
Change Dir: /home/emily/programs/emsdk_portable/clang/fastcomp/build_master_64/CMakeFiles/CMakeTmp

Run Build Command:/usr/bin/make "cmTryCompileExec3068462326/fast"
/usr/bin/make -f CMakeFiles/cmTryCompileExec3068462326.dir/build.make CMakeFiles/cmTryCompileExec3068462326.dir/build
make[1]: Entering directory `/home/emily/programs/emsdk_portable/clang/fastcomp/build_master_64/CMakeFiles/CMakeTmp'
/usr/bin/cmake -E cmake_progress_report /home/emily/programs/emsdk_portable/clang/fastcomp/build_master_64/CMakeFiles/CMakeTmp/CMakeFiles 1
Building C object CMakeFiles/cmTryCompileExec3068462326.dir/CheckSymbolExists.c.o
/usr/bin/cc    -o CMakeFiles/cmTryCompileExec3068462326.dir/CheckSymbolExists.c.o   -c /home/emily/programs/emsdk_portable/clang/fastcomp/build_master_64/CMakeFiles/CMakeTmp/CheckSymbolExists.c
/home/emily/programs/emsdk_portable/clang/fastcomp/build_master_64/CMakeFiles/CMakeTmp/CheckSymbolExists.c: In function ‘main’:
/home/emily/programs/emsdk_portable/clang/fastcomp/build_master_64/CMakeFiles/CMakeTmp/CheckSymbolExists.c:8:19: error: ‘arc4random’ undeclared (first use in this function)
   return ((int*)(&arc4random))[argc];
                   ^
/home/emily/programs/emsdk_portable/clang/fastcomp/build_master_64/CMakeFiles/CMakeTmp/CheckSymbolExists.c:8:19: note: each undeclared identifier is reported only once for each function it appears in
make[1]: *** [CMakeFiles/cmTryCompileExec3068462326.dir/CheckSymbolExists.c.o] Error 1
make[1]: Leaving directory `/home/emily/programs/emsdk_portable/clang/fastcomp/build_master_64/CMakeFiles/CMakeTmp'
make: *** [cmTryCompileExec3068462326/fast] Error 2

File /home/emily/programs/emsdk_portable/clang/fastcomp/build_master_64/CMakeFiles/CMakeTmp/CheckSymbolExists.c:
/* */
#include <stdlib.h>

int main(int argc, char** argv)
{
  (void)argv;
#ifndef arc4random
  return ((int*)(&arc4random))[argc];
#else
  (void)argc;
  return 0;
#endif
}

Determining if the mallctl exist failed with the following output:
Change Dir: /home/emily/programs/emsdk_portable/clang/fastcomp/build_master_64/CMakeFiles/CMakeTmp

Run Build Command:/usr/bin/make "cmTryCompileExec1045021295/fast"
/usr/bin/make -f CMakeFiles/cmTryCompileExec1045021295.dir/build.make CMakeFiles/cmTryCompileExec1045021295.dir/build
make[1]: Entering directory `/home/emily/programs/emsdk_portable/clang/fastcomp/build_master_64/CMakeFiles/CMakeTmp'
/usr/bin/cmake -E cmake_progress_report /home/emily/programs/emsdk_portable/clang/fastcomp/build_master_64/CMakeFiles/CMakeTmp/CMakeFiles 1
Building C object CMakeFiles/cmTryCompileExec1045021295.dir/CheckSymbolExists.c.o
/usr/bin/cc    -o CMakeFiles/cmTryCompileExec1045021295.dir/CheckSymbolExists.c.o   -c /home/emily/programs/emsdk_portable/clang/fastcomp/build_master_64/CMakeFiles/CMakeTmp/CheckSymbolExists.c
/home/emily/programs/emsdk_portable/clang/fastcomp/build_master_64/CMakeFiles/CMakeTmp/CheckSymbolExists.c:2:23: fatal error: malloc_np.h: No such file or directory
 #include <malloc_np.h>
                       ^
compilation terminated.
make[1]: *** [CMakeFiles/cmTryCompileExec1045021295.dir/CheckSymbolExists.c.o] Error 1
make[1]: Leaving directory `/home/emily/programs/emsdk_portable/clang/fastcomp/build_master_64/CMakeFiles/CMakeTmp'
make: *** [cmTryCompileExec1045021295/fast] Error 2

File /home/emily/programs/emsdk_portable/clang/fastcomp/build_master_64/CMakeFiles/CMakeTmp/CheckSymbolExists.c:
/* */
#include <malloc_np.h>

int main(int argc, char** argv)
{
  (void)argv;
#ifndef mallctl
  return ((int*)(&mallctl))[argc];
#else
  (void)argc;
  return 0;
#endif
}

Determining if the malloc_zone_statistics exist failed with the following output:
Change Dir: /home/emily/programs/emsdk_portable/clang/fastcomp/build_master_64/CMakeFiles/CMakeTmp

Run Build Command:/usr/bin/make "cmTryCompileExec290712203/fast"
/usr/bin/make -f CMakeFiles/cmTryCompileExec290712203.dir/build.make CMakeFiles/cmTryCompileExec290712203.dir/build
make[1]: Entering directory `/home/emily/programs/emsdk_portable/clang/fastcomp/build_master_64/CMakeFiles/CMakeTmp'
/usr/bin/cmake -E cmake_progress_report /home/emily/programs/emsdk_portable/clang/fastcomp/build_master_64/CMakeFiles/CMakeTmp/CMakeFiles 1
Building C object CMakeFiles/cmTryCompileExec290712203.dir/CheckSymbolExists.c.o
/usr/bin/cc    -o CMakeFiles/cmTryCompileExec290712203.dir/CheckSymbolExists.c.o   -c /home/emily/programs/emsdk_portable/clang/fastcomp/build_master_64/CMakeFiles/CMakeTmp/CheckSymbolExists.c
/home/emily/programs/emsdk_portable/clang/fastcomp/build_master_64/CMakeFiles/CMakeTmp/CheckSymbolExists.c:2:27: fatal error: malloc/malloc.h: No such file or directory
 #include <malloc/malloc.h>
                           ^
compilation terminated.
make[1]: *** [CMakeFiles/cmTryCompileExec290712203.dir/CheckSymbolExists.c.o] Error 1
make[1]: Leaving directory `/home/emily/programs/emsdk_portable/clang/fastcomp/build_master_64/CMakeFiles/CMakeTmp'
make: *** [cmTryCompileExec290712203/fast] Error 2

File /home/emily/programs/emsdk_portable/clang/fastcomp/build_master_64/CMakeFiles/CMakeTmp/CheckSymbolExists.c:
/* */
#include <malloc/malloc.h>

int main(int argc, char** argv)
{
  (void)argv;
#ifndef malloc_zone_statistics
  return ((int*)(&malloc_zone_statistics))[argc];
#else
  (void)argc;
  return 0;
#endif
}

Determining if the strerror_s exist failed with the following output:
Change Dir: /home/emily/programs/emsdk_portable/clang/fastcomp/build_master_64/CMakeFiles/CMakeTmp

Run Build Command:/usr/bin/make "cmTryCompileExec3387498351/fast"
/usr/bin/make -f CMakeFiles/cmTryCompileExec3387498351.dir/build.make CMakeFiles/cmTryCompileExec3387498351.dir/build
make[1]: Entering directory `/home/emily/programs/emsdk_portable/clang/fastcomp/build_master_64/CMakeFiles/CMakeTmp'
/usr/bin/cmake -E cmake_progress_report /home/emily/programs/emsdk_portable/clang/fastcomp/build_master_64/CMakeFiles/CMakeTmp/CMakeFiles 1
Building C object CMakeFiles/cmTryCompileExec3387498351.dir/CheckSymbolExists.c.o
/usr/bin/cc    -o CMakeFiles/cmTryCompileExec3387498351.dir/CheckSymbolExists.c.o   -c /home/emily/programs/emsdk_portable/clang/fastcomp/build_master_64/CMakeFiles/CMakeTmp/CheckSymbolExists.c
/home/emily/programs/emsdk_portable/clang/fastcomp/build_master_64/CMakeFiles/CMakeTmp/CheckSymbolExists.c: In function ‘main’:
/home/emily/programs/emsdk_portable/clang/fastcomp/build_master_64/CMakeFiles/CMakeTmp/CheckSymbolExists.c:8:19: error: ‘strerror_s’ undeclared (first use in this function)
   return ((int*)(&strerror_s))[argc];
                   ^
/home/emily/programs/emsdk_portable/clang/fastcomp/build_master_64/CMakeFiles/CMakeTmp/CheckSymbolExists.c:8:19: note: each undeclared identifier is reported only once for each function it appears in
make[1]: *** [CMakeFiles/cmTryCompileExec3387498351.dir/CheckSymbolExists.c.o] Error 1
make[1]: Leaving directory `/home/emily/programs/emsdk_portable/clang/fastcomp/build_master_64/CMakeFiles/CMakeTmp'
make: *** [cmTryCompileExec3387498351/fast] Error 2

File /home/emily/programs/emsdk_portable/clang/fastcomp/build_master_64/CMakeFiles/CMakeTmp/CheckSymbolExists.c:
/* */
#include <string.h>

int main(int argc, char** argv)
{
  (void)argv;
#ifndef strerror_s
  return ((int*)(&strerror_s))[argc];
#else
  (void)argc;
  return 0;
#endif
}

Performing C SOURCE FILE Test C_SUPPORTS_COVERED_SWITCH_DEFAULT_FLAG failed with the following output:
Change Dir: /home/emily/programs/emsdk_portable/clang/fastcomp/build_master_64/CMakeFiles/CMakeTmp

Run Build Command:/usr/bin/make "cmTryCompileExec1031171517/fast"
/usr/bin/make -f CMakeFiles/cmTryCompileExec1031171517.dir/build.make CMakeFiles/cmTryCompileExec1031171517.dir/build
make[1]: Entering directory `/home/emily/programs/emsdk_portable/clang/fastcomp/build_master_64/CMakeFiles/CMakeTmp'
/usr/bin/cmake -E cmake_progress_report /home/emily/programs/emsdk_portable/clang/fastcomp/build_master_64/CMakeFiles/CMakeTmp/CMakeFiles 1
Building C object CMakeFiles/cmTryCompileExec1031171517.dir/src.c.o
/usr/bin/cc   -fPIC -Wall -W -Wno-unused-parameter -Wwrite-strings -Wno-missing-field-initializers -pedantic -Wno-long-long -DC_SUPPORTS_COVERED_SWITCH_DEFAULT_FLAG   -Werror -Wcovered-switch-default -o CMakeFiles/cmTryCompileExec1031171517.dir/src.c.o   -c /home/emily/programs/emsdk_portable/clang/fastcomp/build_master_64/CMakeFiles/CMakeTmp/src.c
cc: error: unrecognized command line option '-Wcovered-switch-default'
make[1]: *** [CMakeFiles/cmTryCompileExec1031171517.dir/src.c.o] Error 1
make[1]: Leaving directory `/home/emily/programs/emsdk_portable/clang/fastcomp/build_master_64/CMakeFiles/CMakeTmp'
make: *** [cmTryCompileExec1031171517/fast] Error 2

Source file was:
int main(void) { return 0; }
Performing C++ SOURCE FILE Test CXX_SUPPORTS_COVERED_SWITCH_DEFAULT_FLAG failed with the following output:
Change Dir: /home/emily/programs/emsdk_portable/clang/fastcomp/build_master_64/CMakeFiles/CMakeTmp

Run Build Command:/usr/bin/make "cmTryCompileExec1462700075/fast"
/usr/bin/make -f CMakeFiles/cmTryCompileExec1462700075.dir/build.make CMakeFiles/cmTryCompileExec1462700075.dir/build
make[1]: Entering directory `/home/emily/programs/emsdk_portable/clang/fastcomp/build_master_64/CMakeFiles/CMakeTmp'
/usr/bin/cmake -E cmake_progress_report /home/emily/programs/emsdk_portable/clang/fastcomp/build_master_64/CMakeFiles/CMakeTmp/CMakeFiles 1
Building CXX object CMakeFiles/cmTryCompileExec1462700075.dir/src.cxx.o
/usr/bin/c++    -fPIC -fvisibility-inlines-hidden -Wall -W -Wno-unused-parameter -Wwrite-strings -Wcast-qual -Wno-missing-field-initializers -pedantic -Wno-long-long -DCXX_SUPPORTS_COVERED_SWITCH_DEFAULT_FLAG   -Werror -Wcovered-switch-default -o CMakeFiles/cmTryCompileExec1462700075.dir/src.cxx.o -c /home/emily/programs/emsdk_portable/clang/fastcomp/build_master_64/CMakeFiles/CMakeTmp/src.cxx
c++: error: unrecognized command line option '-Wcovered-switch-default'
make[1]: *** [CMakeFiles/cmTryCompileExec1462700075.dir/src.cxx.o] Error 1
make[1]: Leaving directory `/home/emily/programs/emsdk_portable/clang/fastcomp/build_master_64/CMakeFiles/CMakeTmp'
make: *** [cmTryCompileExec1462700075/fast] Error 2

Source file was:
int main() { return 0;}
Performing C SOURCE FILE Test C_SUPPORTS_DELETE_NON_VIRTUAL_DTOR_FLAG failed with the following output:
Change Dir: /home/emily/programs/emsdk_portable/clang/fastcomp/build_master_64/CMakeFiles/CMakeTmp

Run Build Command:/usr/bin/make "cmTryCompileExec3804659277/fast"
/usr/bin/make -f CMakeFiles/cmTryCompileExec3804659277.dir/build.make CMakeFiles/cmTryCompileExec3804659277.dir/build
make[1]: Entering directory `/home/emily/programs/emsdk_portable/clang/fastcomp/build_master_64/CMakeFiles/CMakeTmp'
/usr/bin/cmake -E cmake_progress_report /home/emily/programs/emsdk_portable/clang/fastcomp/build_master_64/CMakeFiles/CMakeTmp/CMakeFiles 1
Building C object CMakeFiles/cmTryCompileExec3804659277.dir/src.c.o
/usr/bin/cc   -fPIC -Wall -W -Wno-unused-parameter -Wwrite-strings -Wno-missing-field-initializers -pedantic -Wno-long-long -DC_SUPPORTS_DELETE_NON_VIRTUAL_DTOR_FLAG   -Werror -Wdelete-non-virtual-dtor -o CMakeFiles/cmTryCompileExec3804659277.dir/src.c.o   -c /home/emily/programs/emsdk_portable/clang/fastcomp/build_master_64/CMakeFiles/CMakeTmp/src.c
cc1: error: command line option '-Wdelete-non-virtual-dtor' is valid for C++/ObjC++ but not for C [-Werror]
cc1: all warnings being treated as errors
make[1]: *** [CMakeFiles/cmTryCompileExec3804659277.dir/src.c.o] Error 1
make[1]: Leaving directory `/home/emily/programs/emsdk_portable/clang/fastcomp/build_master_64/CMakeFiles/CMakeTmp'
make: *** [cmTryCompileExec3804659277/fast] Error 2

Source file was:
int main(void) { return 0; }
Performing C SOURCE FILE Test C_WCOMMENT_ALLOWS_LINE_WRAP failed with the following output:
Change Dir: /home/emily/programs/emsdk_portable/clang/fastcomp/build_master_64/CMakeFiles/CMakeTmp

Run Build Command:/usr/bin/make "cmTryCompileExec3647211830/fast"
/usr/bin/make -f CMakeFiles/cmTryCompileExec3647211830.dir/build.make CMakeFiles/cmTryCompileExec3647211830.dir/build
make[1]: Entering directory `/home/emily/programs/emsdk_portable/clang/fastcomp/build_master_64/CMakeFiles/CMakeTmp'
/usr/bin/cmake -E cmake_progress_report /home/emily/programs/emsdk_portable/clang/fastcomp/build_master_64/CMakeFiles/CMakeTmp/CMakeFiles 1
Building C object CMakeFiles/cmTryCompileExec3647211830.dir/src.c.o
/usr/bin/cc   -fPIC -Wall -W -Wno-unused-parameter -Wwrite-strings -Wno-missing-field-initializers -pedantic -Wno-long-long -DC_WCOMMENT_ALLOWS_LINE_WRAP  -Werror -Wcomment   -o CMakeFiles/cmTryCompileExec3647211830.dir/src.c.o   -c /home/emily/programs/emsdk_portable/clang/fastcomp/build_master_64/CMakeFiles/CMakeTmp/src.c
/home/emily/programs/emsdk_portable/clang/fastcomp/build_master_64/CMakeFiles/CMakeTmp/src.c:1:1: error: C++ style comments are not allowed in ISO C90 [-Werror]
 // \
 ^
/home/emily/programs/emsdk_portable/clang/fastcomp/build_master_64/CMakeFiles/CMakeTmp/src.c:1:1: error: (this will be reported only once per input file) [-Werror]
/home/emily/programs/emsdk_portable/clang/fastcomp/build_master_64/CMakeFiles/CMakeTmp/src.c:1:1: error: multi-line comment [-Werror=comment]
cc1: all warnings being treated as errors
make[1]: *** [CMakeFiles/cmTryCompileExec3647211830.dir/src.c.o] Error 1
make[1]: Leaving directory `/home/emily/programs/emsdk_portable/clang/fastcomp/build_master_64/CMakeFiles/CMakeTmp'
make: *** [cmTryCompileExec3647211830/fast] Error 2

Source file was:
// \
//
int main() {return 0;}
Performing C++ SOURCE FILE Test CXX_SUPPORTS_NO_NESTED_ANON_TYPES_FLAG failed with the following output:
Change Dir: /home/emily/programs/emsdk_portable/clang/fastcomp/build_master_64/CMakeFiles/CMakeTmp

Run Build Command:/usr/bin/make "cmTryCompileExec2695359080/fast"
/usr/bin/make -f CMakeFiles/cmTryCompileExec2695359080.dir/build.make CMakeFiles/cmTryCompileExec2695359080.dir/build
make[1]: Entering directory `/home/emily/programs/emsdk_portable/clang/fastcomp/build_master_64/CMakeFiles/CMakeTmp'
/usr/bin/cmake -E cmake_progress_report /home/emily/programs/emsdk_portable/clang/fastcomp/build_master_64/CMakeFiles/CMakeTmp/CMakeFiles 1
Building CXX object CMakeFiles/cmTryCompileExec2695359080.dir/src.cxx.o
/usr/bin/c++    -fPIC -fvisibility-inlines-hidden -Wall -W -Wno-unused-parameter -Wwrite-strings -Wcast-qual -Wno-missing-field-initializers -pedantic -Wno-long-long -Wno-maybe-uninitialized -Wdelete-non-virtual-dtor -Wno-comment -std=c++11 -ffunction-sections -fdata-sections -fno-common -Woverloaded-virtual -fno-strict-aliasing -DCXX_SUPPORTS_NO_NESTED_ANON_TYPES_FLAG   -Werror -Wnested-anon-types -o CMakeFiles/cmTryCompileExec2695359080.dir/src.cxx.o -c /home/emily/programs/emsdk_portable/clang/fastcomp/build_master_64/CMakeFiles/CMakeTmp/src.cxx
c++: error: unrecognized command line option '-Wnested-anon-types'
make[1]: *** [CMakeFiles/cmTryCompileExec2695359080.dir/src.cxx.o] Error 1
make[1]: Leaving directory `/home/emily/programs/emsdk_portable/clang/fastcomp/build_master_64/CMakeFiles/CMakeTmp'
make: *** [cmTryCompileExec2695359080/fast] Error 2

Source file was:
int main() { return 0;}
